0 info it worked if it ends with ok
1 verbose cli [ '/home/webadmin/.nvm/versions/v0.12.6/bin/node',
1 verbose cli   '/home/webadmin/.nvm/versions/v0.12.6/bin/npm',
1 verbose cli   'install' ]
2 info using npm@2.11.2
3 info using node@v0.12.6
4 verbose readDependencies loading dependencies from /home/webadmin/angular-quizzle/package.json
5 error install Couldn't read dependencies
6 verbose stack Error: ENOENT, open '/home/webadmin/angular-quizzle/package.json'
6 verbose stack     at Error (native)
7 verbose cwd /home/webadmin/angular-quizzle
8 error Linux 3.13.0-43-generic
9 error argv "/home/webadmin/.nvm/versions/v0.12.6/bin/node" "/home/webadmin/.nvm/versions/v0.12.6/bin/npm" "install"
10 error node v0.12.6
11 error npm  v2.11.2
12 error path /home/webadmin/angular-quizzle/package.json
13 error code ENOPACKAGEJSON
14 error errno -2
15 error package.json ENOENT, open '/home/webadmin/angular-quizzle/package.json'
15 error package.json This is most likely not a problem with npm itself.
15 error package.json npm can't find a package.json file in your current directory.
16 verbose exit [ -2, true ]
